<?xml version="1.0" encoding="UTF-8"?>
<!-- Generated by org.testng.reporters.JUnitReportReporter -->
<testsuite skipped="0" hostname="DESKTOP-OEJR8N7" name="com.TestNg.parallel_Ng" tests="4" failures="0" timestamp="2022-02-25T17:32:41 IST" time="405.854" errors="0">
  <testcase name="openFlip" time="112.504" classname="com.TestNg.parallel_Ng"/>
  <system-out/>
  <testcase name="openFb" time="78.164" classname="com.TestNg.parallel_Ng"/>
  <system-out/>
  <testcase name="openMyntra" time="110.694" classname="com.TestNg.parallel_Ng"/>
  <system-out/>
  <testcase name="openAmazon" time="104.492" classname="com.TestNg.parallel_Ng"/>
  <system-out/>
</testsuite> <!-- com.TestNg.parallel_Ng -->
