<?xml version="1.0" encoding="UTF-8"?>
<!-- Generated by org.testng.reporters.JUnitReportReporter -->
<testsuite skipped="0" hostname="DESKTOP-OEJR8N7" name="com.TestNg.Data" tests="9" failures="0" timestamp="2022-02-25T15:52:55 IST" time="0.110" errors="0">
  <testcase name="trainDetails" time="0.006" classname="com.TestNg.Data"/>
  <system-out/>
  <testcase name="trainDetails" time="0.024" classname="com.TestNg.Data"/>
  <system-out/>
  <testcase name="trainDetails" time="0.007" classname="com.TestNg.Data"/>
  <system-out/>
  <testcase name="trainDetails" time="0.008" classname="com.TestNg.Data"/>
  <system-out/>
  <testcase name="trainDetails" time="0.009" classname="com.TestNg.Data"/>
  <system-out/>
  <testcase name="trainDetails" time="0.030" classname="com.TestNg.Data"/>
  <system-out/>
  <testcase name="trainDetails" time="0.011" classname="com.TestNg.Data"/>
  <system-out/>
  <testcase name="trainDetails" time="0.007" classname="com.TestNg.Data"/>
  <system-out/>
  <testcase name="trainDetails" time="0.008" classname="com.TestNg.Data"/>
  <system-out/>
</testsuite> <!-- com.TestNg.Data -->
