<?xml version="1.0" encoding="UTF-8"?>
<!-- Generated by org.testng.reporters.JUnitReportReporter -->
<testsuite skipped="0" hostname="DESKTOP-OEJR8N7" name="com.TestNg.SoftAsserts" tests="2" failures="0" timestamp="2022-02-25T18:00:38 IST" time="0.068" errors="0">
  <testcase name="softTest1" time="0.031" classname="com.TestNg.SoftAsserts"/>
  <system-out/>
  <testcase name="softTest2" time="0.037" classname="com.TestNg.SoftAsserts"/>
  <system-out/>
</testsuite> <!-- com.TestNg.SoftAsserts -->
