<?xml version="1.0" encoding="UTF-8"?>
<!-- Generated by org.testng.reporters.JUnitReportReporter -->
<testsuite skipped="0" hostname="DESKTOP-OEJR8N7" name="com.TestNg.Simple_Annotations" tests="3" failures="0" timestamp="2022-02-19T20:44:04 IST" time="0.062" errors="0">
  <testcase name="room" time="0.005" classname="com.TestNg.Simple_Annotations"/>
  <system-out/>
  <testcase name="Hotel" time="0.031" classname="com.TestNg.Simple_Annotations"/>
  <system-out/>
  <testcase name="noOfRooms" time="0.026" classname="com.TestNg.Simple_Annotations"/>
  <system-out/>
</testsuite> <!-- com.TestNg.Simple_Annotations -->
