<?xml version="1.0" encoding="UTF-8"?>
<!-- Generated by org.testng.reporters.JUnitReportReporter -->
<testsuite skipped="1" hostname="DESKTOP-OEJR8N7" name="com.TestNg.IgnoreNg" tests="10" failures="0" timestamp="2022-02-22T13:17:06 IST" time="0.159" errors="0">
  <testcase name="violet" time="0.038" classname="com.TestNg.IgnoreNg"/>
  <system-out/>
  <testcase name="indigo" time="0.004" classname="com.TestNg.IgnoreNg"/>
  <system-out/>
  <testcase name="blue" time="0.005" classname="com.TestNg.IgnoreNg"/>
  <system-out/>
  <testcase name="yellow" time="0.011" classname="com.TestNg.IgnoreNg"/>
  <system-out/>
  <testcase name="white" time="0.004" classname="com.TestNg.IgnoreNg"/>
  <system-out/>
  <testcase name="lavender" time="0.060" classname="com.TestNg.IgnoreNg"/>
  <system-out/>
  <testcase name="black" time="0.007" classname="com.TestNg.IgnoreNg"/>
  <system-out/>
  <testcase name="pink" time="0.007" classname="com.TestNg.IgnoreNg"/>
  <system-out/>
  <testcase name="orange" time="0.023" classname="com.TestNg.IgnoreNg"/>
  <system-out/>
  <testcase name="green" classname="com.TestNg.IgnoreNg">
    <skipped/>
  </testcase> <!-- green -->
  <system-out/>
</testsuite> <!-- com.TestNg.IgnoreNg -->
