<?xml version="1.0" encoding="UTF-8"?>
<!-- Generated by org.testng.reporters.JUnitReportReporter -->
<testsuite skipped="0" hostname="DESKTOP-OEJR8N7" name="com.TestNg.Param2_Ng" tests="1" failures="0" timestamp="2022-02-23T14:41:25 IST" time="0.049" errors="0">
  <testcase name="addDetails" time="0.049" classname="com.TestNg.Param2_Ng"/>
  <system-out/>
</testsuite> <!-- com.TestNg.Param2_Ng -->
