<?xml version="1.0" encoding="UTF-8"?>
<!-- Generated by org.testng.reporters.JUnitReportReporter -->
<testsuite skipped="0" hostname="DESKTOP-OEJR8N7" name="com.TestNg.Time_Out" tests="1" failures="0" timestamp="2022-02-22T14:01:39 IST" time="5.096" errors="0">
  <testcase name="ready" time="5.096" classname="com.TestNg.Time_Out"/>
  <system-out/>
</testsuite> <!-- com.TestNg.Time_Out -->
