<?xml version="1.0" encoding="UTF-8"?>
<!-- Generated by org.testng.reporters.JUnitReportReporter -->
<testsuite skipped="0" hostname="DESKTOP-OEJR8N7" name="com.TestNg.Dependency" tests="3" failures="0" timestamp="2022-02-22T12:48:42 IST" time="0.066" errors="0">
  <testcase name="green" time="0.022" classname="com.TestNg.Dependency"/>
  <system-out/>
  <testcase name="blue" time="0.038" classname="com.TestNg.Dependency"/>
  <system-out/>
  <testcase name="yellow" time="0.006" classname="com.TestNg.Dependency"/>
  <system-out/>
</testsuite> <!-- com.TestNg.Dependency -->
