<?xml version="1.0" encoding="UTF-8"?>
<!-- Generated by org.testng.reporters.JUnitReportReporter -->
<testsuite skipped="0" hostname="DESKTOP-OEJR8N7" name="com.TestNg.priorityNg" tests="7" failures="0" timestamp="2022-02-19T22:52:28 IST" time="0.093" errors="0">
  <testcase name="violet" time="0.032" classname="com.TestNg.priorityNg"/>
  <system-out/>
  <testcase name="indigo" time="0.000" classname="com.TestNg.priorityNg"/>
  <system-out/>
  <testcase name="blue" time="0.031" classname="com.TestNg.priorityNg"/>
  <system-out/>
  <testcase name="green" time="0.015" classname="com.TestNg.priorityNg"/>
  <system-out/>
  <testcase name="yellow" time="0.000" classname="com.TestNg.priorityNg"/>
  <system-out/>
  <testcase name="orange" time="0.015" classname="com.TestNg.priorityNg"/>
  <system-out/>
  <testcase name="red" time="0.000" classname="com.TestNg.priorityNg"/>
  <system-out/>
</testsuite> <!-- com.TestNg.priorityNg -->
