<?xml version="1.0" encoding="UTF-8"?>
<!-- Generated by org.testng.reporters.JUnitReportReporter -->
<testsuite skipped="0" hostname="DESKTOP-OEJR8N7" name="com.TestNg.Dependencies" tests="4" failures="0" timestamp="2022-02-22T13:30:39 IST" time="0.115" errors="0">
  <testcase name="orange" time="0.008" classname="com.TestNg.Dependencies"/>
  <system-out/>
  <testcase name="red" time="0.007" classname="com.TestNg.Dependencies"/>
  <system-out/>
  <testcase name="green" time="0.010" classname="com.TestNg.Dependencies"/>
  <system-out/>
  <testcase name="yellow" time="0.090" classname="com.TestNg.Dependencies"/>
  <system-out/>
</testsuite> <!-- com.TestNg.Dependencies -->
