<?xml version="1.0" encoding="UTF-8"?>
<!-- Generated by org.testng.reporters.JUnitReportReporter -->
<testsuite skipped="0" hostname="DESKTOP-OEJR8N7" name="com.TestNg.Parameter_NG" tests="2" failures="0" timestamp="2022-02-23T14:41:25 IST" time="0.077" errors="0">
  <testcase name="Vehical_Details" time="0.062" classname="com.TestNg.Parameter_NG"/>
  <system-out/>
  <testcase name="moreInfo" time="0.015" classname="com.TestNg.Parameter_NG"/>
  <system-out/>
</testsuite> <!-- com.TestNg.Parameter_NG -->
