<?xml version="1.0" encoding="UTF-8"?>
<!-- Generated by org.testng.reporters.JUnitReportReporter -->
<testsuite skipped="0" hostname="DESKTOP-OEJR8N7" name="DataDriven.Dependency" tests="3" failures="0" timestamp="2022-02-22T12:41:06 IST" time="0.139" errors="0">
  <testcase name="blue" time="0.116" classname="DataDriven.Dependency"/>
  <system-out/>
  <testcase name="yellow" time="0.015" classname="DataDriven.Dependency"/>
  <system-out/>
  <testcase name="green" time="0.008" classname="DataDriven.Dependency"/>
  <system-out/>
</testsuite> <!-- DataDriven.Dependency -->
